<?xml version="1.0" encoding="UTF-8"?>
<!-- Generated by org.testng.reporters.JUnitReportReporter -->
<testsuite hostname="DESKTOP-G82DJC0" failures="0" tests="1" name="listeners.practic" time="12.244" errors="0" timestamp="2022-09-15T15:25:40 IST" skipped="0">
  <testcase classname="listeners.practic" name="verify_with_solution" time="12.244"/>
  <system-out/>
</testsuite> <!-- listeners.practic -->
