<?xml version="1.0" encoding="UTF-8"?>
<!-- Generated by org.testng.reporters.JUnitReportReporter -->
<testsuite hostname="DESKTOP-G82DJC0" failures="0" tests="1" name="browser.CrossBrowserTest" time="7.138" errors="0" timestamp="2022-09-17T17:29:14 IST" skipped="0">
  <testcase classname="browser.CrossBrowserTest" name="chrome" time="7.138"/>
  <system-out/>
</testsuite> <!-- browser.CrossBrowserTest -->
